[  142295ms] [ERROR] Failed to load resource: the server responded with a status of 500 (Internal Server Error) @ https://goplus-builder-api.qiniu.io/course-series/first-game:0
[  142298ms] [WARNING] useQuery error ActionException: Failed to load course series (something wrong with the server), cause: ApiException: [50000] Internal server error (GET https://goplus-builder-api.qiniu.io/course-series/first-game)
    at https://goplus-builder.qiniu.io/assets/exception-Dff3Eyiu.js:26:11986 @ https://goplus-builder.qiniu.io/assets/setup-RZ6NNG_t.js:0
[  142304ms] [ERROR] Failed to load resource: the server responded with a status of 500 (Internal Server Error) @ https://goplus-builder-api.qiniu.io/courses/list?courseSeriesID=first-game&pageIndex=1&pageSize=8&orderBy=sequenceInCourseSeries&owner=*:0
[  142306ms] [WARNING] useQuery error ActionException: Failed to load course list (something wrong with the server), cause: ApiException: [50000] Internal server error (GET https://goplus-builder-api.qiniu.io/courses/list?courseSeriesID=first-game&pageIndex=1&pageSize=8&orderBy=sequenceInCourseSeries&owner=*)
    at https://goplus-builder.qiniu.io/assets/exception-Dff3Eyiu.js:26:11986 @ https://goplus-builder.qiniu.io/assets/setup-RZ6NNG_t.js:0
[  145681ms] [ERROR] Failed to load resource: the server responded with a status of 500 (Internal Server Error) @ https://goplus-builder-api.qiniu.io/course-series/first-game:0
[  145686ms] [WARNING] useQuery error ActionException: Failed to load course series (something wrong with the server), cause: ApiException: [50000] Internal server error (GET https://goplus-builder-api.qiniu.io/course-series/first-game)
    at https://goplus-builder.qiniu.io/assets/exception-Dff3Eyiu.js:26:11986 @ https://goplus-builder.qiniu.io/assets/setup-RZ6NNG_t.js:0
[  145688ms] [WARNING] useQuery error ActionException: Failed to start course (Failed to load course series (something wrong with the server)), cause: ActionException: Failed to load course series (something wrong with the server), cause: ApiException: [50000] Internal server error (GET https://goplus-builder-api.qiniu.io/course-series/first-game)
    at https://goplus-builder.qiniu.io/assets/exception-Dff3Eyiu.js:26:11986 @ https://goplus-builder.qiniu.io/assets/setup-RZ6NNG_t.js:0
[  146084ms] [ERROR] Failed to load resource: the server responded with a status of 500 (Internal Server Error) @ https://goplus-builder-api.qiniu.io/course/first-game:0
[  146085ms] [WARNING] useQuery error ActionException: Failed to load course (something wrong with the server), cause: ApiException: [50000] Internal server error (GET https://goplus-builder-api.qiniu.io/course/first-game)
    at https://goplus-builder.qiniu.io/assets/exception-Dff3Eyiu.js:26:11986 @ https://goplus-builder.qiniu.io/assets/setup-RZ6NNG_t.js:0
[  146088ms] [WARNING] useQuery error ActionException: Failed to start course (Failed to load course series (something wrong with the server)), cause: ActionException: Failed to load course series (something wrong with the server), cause: ApiException: [50000] Internal server error (GET https://goplus-builder-api.qiniu.io/course-series/first-game)
    at https://goplus-builder.qiniu.io/assets/exception-Dff3Eyiu.js:26:11986 @ https://goplus-builder.qiniu.io/assets/setup-RZ6NNG_t.js:0
[  151784ms] [WARNING] Konva warning: Pointer position is missing and not registered by the stage. Looks like it is outside of the stage container. You can set it manually from event: stage.setPointersPositions(event); @ https://goplus-builder.qiniu.io/assets/setup-RZ6NNG_t.js:0
[  280807ms] [ERROR] Failed to load resource: net::ERR_CONNECTION_CLOSED @ https://xbuilder-usercontent-test.gopluscdn.com/files/Fvhi8xCbu7mCvVkfCQradWnLGY-b-631493.png:0
[  280808ms] [WARNING] [Vue warn]: Unhandled error during execution of app errorHandler @ https://goplus-builder.qiniu.io/assets/setup-RZ6NNG_t.js:0
[  280813ms] TypeError: Failed to fetch (xbuilder-usercontent-test.gopluscdn.com)
    at https://goplus-builder.qiniu.io/assets/setup-RZ6NNG_t.js:1:31071
    at A.immediate (https://goplus-builder.qiniu.io/assets/exception-Dff3Eyiu.js:26:16781)
    at Vn (https://goplus-builder.qiniu.io/assets/floating-ui.dom--h6GpHxc.js:4:1520)
    at Hn (https://goplus-builder.qiniu.io/assets/floating-ui.dom--h6GpHxc.js:4:1588)
    at Ka.u.call (https://goplus-builder.qiniu.io/assets/floating-ui.dom--h6GpHxc.js:5:14641)
    at T (https://goplus-builder.qiniu.io/assets/floating-ui.dom--h6GpHxc.js:1:23797)
    at Vn (https://goplus-builder.qiniu.io/assets/floating-ui.dom--h6GpHxc.js:4:1528)
    at or (https://goplus-builder.qiniu.io/assets/floating-ui.dom--h6GpHxc.js:4:3425)
[  281565ms] [ERROR] Failed to load resource: net::ERR_CONNECTION_CLOSED @ https://o4509472134987776.ingest.us.sentry.io/api/4509472136167424/envelope/?sentry_version=7&sentry_key=0d463740215eb87f7e06f6572d64c93e&sentry_client=sentry.javascript.vue%2F9.33.0:0
[  281736ms] [ERROR] Failed to load resource: net::ERR_CONNECTION_CLOSED @ https://xbuilder-usercontent-test.gopluscdn.com/files/FqvFecstbLmKiK9ed_4dpxLtQrfP-12059:0
[  281737ms] [WARNING] Attempt 1 failed, retrying... TypeError: Failed to fetch (xbuilder-usercontent-test.gopluscdn.com)
    at https://goplus-builder.qiniu.io/assets/setup-RZ6NNG_t.js:1:31071
    at https://goplus-builder.qiniu.io/assets/router-DFMrp0Pp.js:2:55205
    at ho (https://goplus-builder.qiniu.io/assets/exception-Dff3Eyiu.js:26:17427)
    at https://goplus-builder.qiniu.io/assets/router-DFMrp0Pp.js:2:55102
    at an.run (https://goplus-builder.qiniu.io/assets/router-DFMrp0Pp.js:2:43775)
    at xr (https://goplus-builder.qiniu.io/assets/router-DFMrp0Pp.js:2:55073)
    at zn.loader (https://goplus-builder.qiniu.io/assets/router-DFMrp0Pp.js:2:54958)
    at async zn.url (https://goplus-builder.qiniu.io/assets/router-DFMrp0Pp.js:2:50248)
    at async https://goplus-builder.qiniu.io/assets/exception-Dff3Eyiu.js:26:13057 @ https://goplus-builder.qiniu.io/assets/setup-RZ6NNG_t.js:0
[  282112ms] [ERROR] Failed to load resource: net::ERR_CONNECTION_CLOSED @ https://xbuilder-usercontent-test.gopluscdn.com/files/Fob2CPu-NF1LtvZMlefl5KMVE_u4-16400:0
[  282112ms] [WARNING] Attempt 1 failed, retrying... TypeError: Failed to fetch (xbuilder-usercontent-test.gopluscdn.com)
    at https://goplus-builder.qiniu.io/assets/setup-RZ6NNG_t.js:1:31071
    at https://goplus-builder.qiniu.io/assets/router-DFMrp0Pp.js:2:55205
    at ho (https://goplus-builder.qiniu.io/assets/exception-Dff3Eyiu.js:26:17427)
    at https://goplus-builder.qiniu.io/assets/router-DFMrp0Pp.js:2:55102
    at an.run (https://goplus-builder.qiniu.io/assets/router-DFMrp0Pp.js:2:43775)
    at xr (https://goplus-builder.qiniu.io/assets/router-DFMrp0Pp.js:2:55073)
    at zn.loader (https://goplus-builder.qiniu.io/assets/router-DFMrp0Pp.js:2:54958)
    at async zn.url (https://goplus-builder.qiniu.io/assets/router-DFMrp0Pp.js:2:50248)
    at async https://goplus-builder.qiniu.io/assets/exception-Dff3Eyiu.js:26:13057 @ https://goplus-builder.qiniu.io/assets/setup-RZ6NNG_t.js:0
[  282527ms] [ERROR] Failed to load resource: net::ERR_CONNECTION_CLOSED @ https://o4509472134987776.ingest.us.sentry.io/api/4509472136167424/envelope/?sentry_version=7&sentry_key=0d463740215eb87f7e06f6572d64c93e&sentry_client=sentry.javascript.vue%2F9.33.0:0
[  282768ms] [ERROR] Failed to load resource: net::ERR_CONNECTION_CLOSED @ https://xbuilder-usercontent-test.gopluscdn.com/files/Frbv-kCM5qlzIa8jKor2htbv5xax-9362:0
[  282769ms] [WARNING] Attempt 1 failed, retrying... TypeError: Failed to fetch (xbuilder-usercontent-test.gopluscdn.com)
    at https://goplus-builder.qiniu.io/assets/setup-RZ6NNG_t.js:1:31071
    at https://goplus-builder.qiniu.io/assets/router-DFMrp0Pp.js:2:55205
    at ho (https://goplus-builder.qiniu.io/assets/exception-Dff3Eyiu.js:26:17427)
    at https://goplus-builder.qiniu.io/assets/router-DFMrp0Pp.js:2:55102
    at an.run (https://goplus-builder.qiniu.io/assets/router-DFMrp0Pp.js:2:43775)
    at xr (https://goplus-builder.qiniu.io/assets/router-DFMrp0Pp.js:2:55073)
    at zn.loader (https://goplus-builder.qiniu.io/assets/router-DFMrp0Pp.js:2:54958)
    at async zn.url (https://goplus-builder.qiniu.io/assets/router-DFMrp0Pp.js:2:50248)
    at async https://goplus-builder.qiniu.io/assets/exception-Dff3Eyiu.js:26:13057 @ https://goplus-builder.qiniu.io/assets/setup-RZ6NNG_t.js:0
[  283353ms] [ERROR] Failed to load resource: net::ERR_CONNECTION_CLOSED @ https://xbuilder-usercontent-test.gopluscdn.com/files/Fuy7I7xZTXrLKxDC-QREz3Tdlwtf-7289:0
[  283354ms] [WARNING] [Vue warn]: Unhandled error during execution of app errorHandler @ https://goplus-builder.qiniu.io/assets/setup-RZ6NNG_t.js:0
[  283357ms] TypeError: Failed to fetch (xbuilder-usercontent-test.gopluscdn.com)
    at https://goplus-builder.qiniu.io/assets/setup-RZ6NNG_t.js:1:31071
    at A.immediate (https://goplus-builder.qiniu.io/assets/exception-Dff3Eyiu.js:26:16781)
    at Vn (https://goplus-builder.qiniu.io/assets/floating-ui.dom--h6GpHxc.js:4:1520)
    at Hn (https://goplus-builder.qiniu.io/assets/floating-ui.dom--h6GpHxc.js:4:1588)
    at Ka.u.call (https://goplus-builder.qiniu.io/assets/floating-ui.dom--h6GpHxc.js:5:14641)
    at T (https://goplus-builder.qiniu.io/assets/floating-ui.dom--h6GpHxc.js:1:23797)
    at Vn (https://goplus-builder.qiniu.io/assets/floating-ui.dom--h6GpHxc.js:4:1528)
    at or (https://goplus-builder.qiniu.io/assets/floating-ui.dom--h6GpHxc.js:4:3425)
[  283724ms] [ERROR] Failed to load resource: net::ERR_CONNECTION_CLOSED @ https://xbuilder-usercontent-test.gopluscdn.com/files/FqvFecstbLmKiK9ed_4dpxLtQrfP-12059:0
[  283725ms] [WARNING] Attempt 2 failed, retrying... TypeError: Failed to fetch (xbuilder-usercontent-test.gopluscdn.com)
    at https://goplus-builder.qiniu.io/assets/setup-RZ6NNG_t.js:1:31071
    at https://goplus-builder.qiniu.io/assets/router-DFMrp0Pp.js:2:55205
    at ho (https://goplus-builder.qiniu.io/assets/exception-Dff3Eyiu.js:26:17427)
    at async an.run (https://goplus-builder.qiniu.io/assets/router-DFMrp0Pp.js:2:43769)
    at async zn.url (https://goplus-builder.qiniu.io/assets/router-DFMrp0Pp.js:2:50248)
    at async https://goplus-builder.qiniu.io/assets/exception-Dff3Eyiu.js:26:13057 @ https://goplus-builder.qiniu.io/assets/setup-RZ6NNG_t.js:0
[  284172ms] [ERROR] Failed to load resource: net::ERR_CONNECTION_CLOSED @ https://xbuilder-usercontent-test.gopluscdn.com/files/Fob2CPu-NF1LtvZMlefl5KMVE_u4-16400:0
[  284172ms] [WARNING] Attempt 2 failed, retrying... TypeError: Failed to fetch (xbuilder-usercontent-test.gopluscdn.com)
    at https://goplus-builder.qiniu.io/assets/setup-RZ6NNG_t.js:1:31071
    at https://goplus-builder.qiniu.io/assets/router-DFMrp0Pp.js:2:55205
    at ho (https://goplus-builder.qiniu.io/assets/exception-Dff3Eyiu.js:26:17427)
    at async an.run (https://goplus-builder.qiniu.io/assets/router-DFMrp0Pp.js:2:43769)
    at async zn.url (https://goplus-builder.qiniu.io/assets/router-DFMrp0Pp.js:2:50248)
    at async https://goplus-builder.qiniu.io/assets/exception-Dff3Eyiu.js:26:13057 @ https://goplus-builder.qiniu.io/assets/setup-RZ6NNG_t.js:0
[  284173ms] [ERROR] Failed to load resource: net::ERR_CONNECTION_CLOSED @ https://o4509472134987776.ingest.us.sentry.io/api/4509472136167424/envelope/?sentry_version=7&sentry_key=0d463740215eb87f7e06f6572d64c93e&sentry_client=sentry.javascript.vue%2F9.33.0:0
[  284773ms] [ERROR] Failed to load resource: net::ERR_CONNECTION_CLOSED @ https://o4509472134987776.ingest.us.sentry.io/api/4509472136167424/envelope/?sentry_version=7&sentry_key=0d463740215eb87f7e06f6572d64c93e&sentry_client=sentry.javascript.vue%2F9.33.0:0
[  285069ms] [ERROR] Failed to load resource: net::ERR_CONNECTION_CLOSED @ https://xbuilder-usercontent-test.gopluscdn.com/files/Frbv-kCM5qlzIa8jKor2htbv5xax-9362:0
[  285069ms] [WARNING] Attempt 2 failed, retrying... TypeError: Failed to fetch (xbuilder-usercontent-test.gopluscdn.com)
    at https://goplus-builder.qiniu.io/assets/setup-RZ6NNG_t.js:1:31071
    at https://goplus-builder.qiniu.io/assets/router-DFMrp0Pp.js:2:55205
    at ho (https://goplus-builder.qiniu.io/assets/exception-Dff3Eyiu.js:26:17427)
    at async an.run (https://goplus-builder.qiniu.io/assets/router-DFMrp0Pp.js:2:43769)
    at async zn.url (https://goplus-builder.qiniu.io/assets/router-DFMrp0Pp.js:2:50248)
    at async https://goplus-builder.qiniu.io/assets/exception-Dff3Eyiu.js:26:13057 @ https://goplus-builder.qiniu.io/assets/setup-RZ6NNG_t.js:0
[  285749ms] [ERROR] Failed to load resource: net::ERR_CONNECTION_CLOSED @ https://xbuilder-usercontent-test.gopluscdn.com/files/FqvFecstbLmKiK9ed_4dpxLtQrfP-12059:0
[  285749ms] [WARNING] [Vue warn]: Unhandled error during execution of app errorHandler @ https://goplus-builder.qiniu.io/assets/setup-RZ6NNG_t.js:0
[  285750ms] TypeError: Failed to fetch (xbuilder-usercontent-test.gopluscdn.com)
    at https://goplus-builder.qiniu.io/assets/setup-RZ6NNG_t.js:1:31071
    at https://goplus-builder.qiniu.io/assets/router-DFMrp0Pp.js:2:55205
    at ho (https://goplus-builder.qiniu.io/assets/exception-Dff3Eyiu.js:26:17427)
    at async an.run (https://goplus-builder.qiniu.io/assets/router-DFMrp0Pp.js:2:43769)
    at async zn.url (https://goplus-builder.qiniu.io/assets/router-DFMrp0Pp.js:2:50248)
    at async https://goplus-builder.qiniu.io/assets/exception-Dff3Eyiu.js:26:13057
[  286487ms] [ERROR] Failed to load resource: net::ERR_CONNECTION_CLOSED @ https://xbuilder-usercontent-test.gopluscdn.com/files/Fob2CPu-NF1LtvZMlefl5KMVE_u4-16400:0
[  286488ms] [WARNING] [Vue warn]: Unhandled error during execution of app errorHandler @ https://goplus-builder.qiniu.io/assets/setup-RZ6NNG_t.js:0
[  286488ms] TypeError: Failed to fetch (xbuilder-usercontent-test.gopluscdn.com)
    at https://goplus-builder.qiniu.io/assets/setup-RZ6NNG_t.js:1:31071
    at https://goplus-builder.qiniu.io/assets/router-DFMrp0Pp.js:2:55205
    at ho (https://goplus-builder.qiniu.io/assets/exception-Dff3Eyiu.js:26:17427)
    at async an.run (https://goplus-builder.qiniu.io/assets/router-DFMrp0Pp.js:2:43769)
    at async zn.url (https://goplus-builder.qiniu.io/assets/router-DFMrp0Pp.js:2:50248)
    at async https://goplus-builder.qiniu.io/assets/exception-Dff3Eyiu.js:26:13057
